<?xml version="1.0" encoding="UTF-8"?>
<coverage generated="1681224314969" clover="3.2.0">
  <project timestamp="1681224314969" name="All files">
    <metrics statements="60" coveredstatements="59" conditionals="18" coveredconditionals="18" methods="8" coveredmethods="6" elements="86" coveredelements="83" complexity="0" loc="60" ncloc="60" packages="1" files="2" classes="2"/>
    <file name="Calculator.jsx" path="C:\Users\fer_c\Desktop\TDD-NodeJS\src\Calculator.jsx">
      <metrics statements="43" coveredstatements="42" conditionals="9" coveredconditionals="9" methods="7" coveredmethods="5"/>
      <line num="1" count="1" type="stmt"/>
      <line num="2" count="1" type="stmt"/>
      <line num="3" count="1" type="cond" truecount="1" falsecount="0"/>
      <line num="4" count="1" type="stmt"/>
      <line num="5" count="1" type="stmt"/>
      <line num="6" count="1" type="stmt"/>
      <line num="7" count="1" type="stmt"/>
      <line num="8" count="1" type="stmt"/>
      <line num="9" count="0" type="stmt"/>
      <line num="10" count="1" type="cond" truecount="1" falsecount="0"/>
      <line num="11" count="1" type="stmt"/>
      <line num="12" count="1" type="stmt"/>
      <line num="13" count="1" type="stmt"/>
      <line num="14" count="1" type="cond" truecount="1" falsecount="0"/>
      <line num="15" count="17" type="stmt"/>
      <line num="16" count="17" type="stmt"/>
      <line num="17" count="17" type="cond" truecount="2" falsecount="0"/>
      <line num="18" count="17" type="stmt"/>
      <line num="19" count="17" type="stmt"/>
      <line num="20" count="17" type="stmt"/>
      <line num="21" count="17" type="stmt"/>
      <line num="22" count="17" type="stmt"/>
      <line num="23" count="17" type="stmt"/>
      <line num="24" count="17" type="cond" truecount="1" falsecount="0"/>
      <line num="25" count="68" type="stmt"/>
      <line num="26" count="68" type="stmt"/>
      <line num="27" count="68" type="cond" truecount="1" falsecount="0"/>
      <line num="28" count="170" type="stmt"/>
      <line num="29" count="68" type="stmt"/>
      <line num="30" count="68" type="stmt"/>
      <line num="31" count="68" type="stmt"/>
      <line num="32" count="17" type="stmt"/>
      <line num="33" count="17" type="stmt"/>
      <line num="34" count="17" type="stmt"/>
      <line num="35" count="17" type="cond" truecount="1" falsecount="0"/>
      <line num="36" count="68" type="stmt"/>
      <line num="37" count="17" type="stmt"/>
      <line num="38" count="17" type="stmt"/>
      <line num="39" count="17" type="stmt"/>
      <line num="40" count="17" type="stmt"/>
      <line num="41" count="17" type="stmt"/>
      <line num="42" count="17" type="stmt"/>
      <line num="43" count="10" type="cond" truecount="1" falsecount="0"/>
    </file>
    <file name="fizzbuzz.js" path="C:\Users\fer_c\Desktop\TDD-NodeJS\src\fizzbuzz.js">
      <metrics statements="17" coveredstatements="17" conditionals="9" coveredconditionals="9" methods="1" coveredmethods="1"/>
      <line num="1" count="1" type="stmt"/>
      <line num="2" count="1" type="stmt"/>
      <line num="3" count="1" type="cond" truecount="1" falsecount="0"/>
      <line num="4" count="7" type="cond" truecount="1" falsecount="0"/>
      <line num="5" count="7" type="cond" truecount="2" falsecount="0"/>
      <line num="6" count="4" type="cond" truecount="1" falsecount="0"/>
      <line num="7" count="4" type="stmt"/>
      <line num="8" count="4" type="stmt"/>
      <line num="9" count="4" type="stmt"/>
      <line num="10" count="4" type="stmt"/>
      <line num="11" count="4" type="stmt"/>
      <line num="12" count="4" type="cond" truecount="1" falsecount="0"/>
      <line num="13" count="8" type="cond" truecount="1" falsecount="0"/>
      <line num="14" count="4" type="stmt"/>
      <line num="15" count="7" type="cond" truecount="2" falsecount="0"/>
      <line num="16" count="7" type="stmt"/>
      <line num="17" count="7" type="stmt"/>
    </file>
  </project>
</coverage>
