{"C:\\Users\\fer_c\\Desktop\\TDD-NodeJS\\src\\Calculator.jsx": {"path":"C:\\Users\\fer_c\\Desktop\\TDD-NodeJS\\src\\Calculator.jsx","all":false,"statementMap":{"0":{"start":{"line":1,"column":0},"end":{"line":1,"column":33}},"1":{"start":{"line":2,"column":0},"end":{"line":2,"column":0}},"2":{"start":{"line":3,"column":0},"end":{"line":3,"column":52}},"3":{"start":{"line":4,"column":0},"end":{"line":4,"column":21}},"4":{"start":{"line":5,"column":0},"end":{"line":5,"column":14}},"5":{"start":{"line":6,"column":0},"end":{"line":6,"column":14}},"6":{"start":{"line":7,"column":0},"end":{"line":7,"column":14}},"7":{"start":{"line":8,"column":0},"end":{"line":8,"column":7}},"8":{"start":{"line":9,"column":0},"end":{"line":9,"column":1}},"9":{"start":{"line":10,"column":0},"end":{"line":10,"column":46}},"10":{"start":{"line":11,"column":0},"end":{"line":11,"column":28}},"11":{"start":{"line":12,"column":0},"end":{"line":12,"column":0}},"12":{"start":{"line":13,"column":0},"end":{"line":13,"column":0}},"13":{"start":{"line":14,"column":0},"end":{"line":14,"column":33}},"14":{"start":{"line":15,"column":0},"end":{"line":15,"column":42}},"15":{"start":{"line":16,"column":0},"end":{"line":16,"column":1}},"16":{"start":{"line":17,"column":0},"end":{"line":17,"column":65}},"17":{"start":{"line":18,"column":0},"end":{"line":18,"column":12}},"18":{"start":{"line":19,"column":0},"end":{"line":19,"column":21}},"19":{"start":{"line":20,"column":0},"end":{"line":20,"column":35}},"20":{"start":{"line":21,"column":0},"end":{"line":21,"column":47}},"21":{"start":{"line":22,"column":0},"end":{"line":22,"column":34}},"22":{"start":{"line":23,"column":0},"end":{"line":23,"column":21}},"23":{"start":{"line":24,"column":0},"end":{"line":24,"column":46}},"24":{"start":{"line":25,"column":0},"end":{"line":25,"column":53}},"25":{"start":{"line":26,"column":0},"end":{"line":26,"column":33}},"26":{"start":{"line":27,"column":0},"end":{"line":27,"column":55}},"27":{"start":{"line":28,"column":0},"end":{"line":28,"column":104}},"28":{"start":{"line":29,"column":0},"end":{"line":29,"column":38}},"29":{"start":{"line":30,"column":0},"end":{"line":30,"column":33}},"30":{"start":{"line":31,"column":0},"end":{"line":31,"column":34}},"31":{"start":{"line":32,"column":0},"end":{"line":32,"column":26}},"32":{"start":{"line":33,"column":0},"end":{"line":33,"column":21}},"33":{"start":{"line":34,"column":0},"end":{"line":34,"column":21}},"34":{"start":{"line":35,"column":0},"end":{"line":35,"column":53}},"35":{"start":{"line":36,"column":0},"end":{"line":36,"column":105}},"36":{"start":{"line":37,"column":0},"end":{"line":37,"column":26}},"37":{"start":{"line":38,"column":0},"end":{"line":38,"column":21}},"38":{"start":{"line":39,"column":0},"end":{"line":39,"column":48}},"39":{"start":{"line":40,"column":0},"end":{"line":40,"column":22}},"40":{"start":{"line":41,"column":0},"end":{"line":41,"column":22}},"41":{"start":{"line":42,"column":0},"end":{"line":42,"column":13}},"42":{"start":{"line":43,"column":0},"end":{"line":43,"column":1}}},"s":{"0":1,"1":1,"2":1,"3":1,"4":1,"5":1,"6":1,"7":1,"8":0,"9":1,"10":1,"11":1,"12":1,"13":1,"14":17,"15":17,"16":17,"17":17,"18":17,"19":17,"20":17,"21":17,"22":17,"23":17,"24":68,"25":68,"26":68,"27":170,"28":68,"29":68,"30":68,"31":17,"32":17,"33":17,"34":17,"35":68,"36":17,"37":17,"38":17,"39":17,"40":17,"41":17,"42":10},"branchMap":{"0":{"type":"branch","line":3,"loc":{"start":{"line":3,"column":51},"end":{"line":3,"column":52}},"locations":[{"start":{"line":3,"column":51},"end":{"line":3,"column":52}}]},"1":{"type":"branch","line":10,"loc":{"start":{"line":10,"column":45},"end":{"line":10,"column":46}},"locations":[{"start":{"line":10,"column":45},"end":{"line":10,"column":46}}]},"2":{"type":"branch","line":14,"loc":{"start":{"line":14,"column":26},"end":{"line":43,"column":1}},"locations":[{"start":{"line":14,"column":26},"end":{"line":43,"column":1}}]},"3":{"type":"branch","line":17,"loc":{"start":{"line":17,"column":24},"end":{"line":17,"column":65}},"locations":[{"start":{"line":17,"column":24},"end":{"line":17,"column":65}}]},"4":{"type":"branch","line":17,"loc":{"start":{"line":17,"column":30},"end":{"line":17,"column":65}},"locations":[{"start":{"line":17,"column":30},"end":{"line":17,"column":65}}]},"5":{"type":"branch","line":24,"loc":{"start":{"line":24,"column":33},"end":{"line":31,"column":34}},"locations":[{"start":{"line":24,"column":33},"end":{"line":31,"column":34}}]},"6":{"type":"branch","line":27,"loc":{"start":{"line":27,"column":44},"end":{"line":28,"column":104}},"locations":[{"start":{"line":27,"column":44},"end":{"line":28,"column":104}}]},"7":{"type":"branch","line":35,"loc":{"start":{"line":35,"column":39},"end":{"line":36,"column":105}},"locations":[{"start":{"line":35,"column":39},"end":{"line":36,"column":105}}]},"8":{"type":"branch","line":43,"loc":{"start":{"line":43,"column":0},"end":{"line":43,"column":1}},"locations":[{"start":{"line":43,"column":0},"end":{"line":43,"column":1}}]}},"b":{"0":[1],"1":[1],"2":[17],"3":[238],"4":[7],"5":[68],"6":[170],"7":[68],"8":[10]},"fnMap":{"0":{"name":"get","decl":{"start":{"line":3,"column":51},"end":{"line":3,"column":52}},"loc":{"start":{"line":3,"column":51},"end":{"line":3,"column":52}},"line":3},"1":{"name":"get","decl":{"start":{"line":9,"column":0},"end":{"line":9,"column":1}},"loc":{"start":{"line":9,"column":0},"end":{"line":9,"column":1}},"line":9},"2":{"name":"get","decl":{"start":{"line":10,"column":45},"end":{"line":10,"column":46}},"loc":{"start":{"line":10,"column":45},"end":{"line":10,"column":46}},"line":10},"3":{"name":"get","decl":{"start":{"line":11,"column":25},"end":{"line":11,"column":28}},"loc":{"start":{"line":11,"column":25},"end":{"line":11,"column":28}},"line":11},"4":{"name":"Calculator","decl":{"start":{"line":14,"column":26},"end":{"line":43,"column":1}},"loc":{"start":{"line":14,"column":26},"end":{"line":43,"column":1}},"line":14},"5":{"name":"handleClick","decl":{"start":{"line":17,"column":24},"end":{"line":17,"column":65}},"loc":{"start":{"line":17,"column":24},"end":{"line":17,"column":65}},"line":17},"6":{"name":"get","decl":{"start":{"line":43,"column":0},"end":{"line":43,"column":1}},"loc":{"start":{"line":43,"column":0},"end":{"line":43,"column":1}},"line":43}},"f":{"0":1,"1":0,"2":1,"3":0,"4":17,"5":238,"6":10}}
,"C:\\Users\\fer_c\\Desktop\\TDD-NodeJS\\src\\fizzbuzz.js": {"path":"C:\\Users\\fer_c\\Desktop\\TDD-NodeJS\\src\\fizzbuzz.js","all":false,"statementMap":{"0":{"start":{"line":1,"column":0},"end":{"line":1,"column":0}},"1":{"start":{"line":2,"column":0},"end":{"line":2,"column":0}},"2":{"start":{"line":3,"column":0},"end":{"line":3,"column":37}},"3":{"start":{"line":4,"column":0},"end":{"line":4,"column":83}},"4":{"start":{"line":5,"column":0},"end":{"line":5,"column":77}},"5":{"start":{"line":6,"column":0},"end":{"line":6,"column":4}},"6":{"start":{"line":7,"column":0},"end":{"line":7,"column":46}},"7":{"start":{"line":8,"column":0},"end":{"line":8,"column":19}},"8":{"start":{"line":9,"column":0},"end":{"line":9,"column":0}},"9":{"start":{"line":10,"column":0},"end":{"line":10,"column":10}},"10":{"start":{"line":11,"column":0},"end":{"line":11,"column":28}},"11":{"start":{"line":12,"column":0},"end":{"line":12,"column":41}},"12":{"start":{"line":13,"column":0},"end":{"line":13,"column":56}},"13":{"start":{"line":14,"column":0},"end":{"line":14,"column":10}},"14":{"start":{"line":15,"column":0},"end":{"line":15,"column":42}},"15":{"start":{"line":16,"column":0},"end":{"line":16,"column":4}},"16":{"start":{"line":17,"column":0},"end":{"line":17,"column":2}}},"s":{"0":1,"1":1,"2":1,"3":7,"4":7,"5":4,"6":4,"7":4,"8":4,"9":4,"10":4,"11":4,"12":8,"13":4,"14":7,"15":7,"16":7},"branchMap":{"0":{"type":"branch","line":3,"loc":{"start":{"line":3,"column":24},"end":{"line":17,"column":2}},"locations":[{"start":{"line":3,"column":24},"end":{"line":17,"column":2}}]},"1":{"type":"branch","line":4,"loc":{"start":{"line":4,"column":36},"end":{"line":4,"column":83}},"locations":[{"start":{"line":4,"column":36},"end":{"line":4,"column":83}}]},"2":{"type":"branch","line":5,"loc":{"start":{"line":5,"column":-2},"end":{"line":5,"column":30}},"locations":[{"start":{"line":5,"column":-2},"end":{"line":5,"column":30}}]},"3":{"type":"branch","line":5,"loc":{"start":{"line":5,"column":30},"end":{"line":5,"column":77}},"locations":[{"start":{"line":5,"column":30},"end":{"line":5,"column":77}}]},"4":{"type":"branch","line":6,"loc":{"start":{"line":6,"column":-2},"end":{"line":15,"column":25}},"locations":[{"start":{"line":6,"column":-2},"end":{"line":15,"column":25}}]},"5":{"type":"branch","line":15,"loc":{"start":{"line":15,"column":25},"end":{"line":15,"column":33}},"locations":[{"start":{"line":15,"column":25},"end":{"line":15,"column":33}}]},"6":{"type":"branch","line":15,"loc":{"start":{"line":15,"column":34},"end":{"line":15,"column":42}},"locations":[{"start":{"line":15,"column":34},"end":{"line":15,"column":42}}]},"7":{"type":"branch","line":12,"loc":{"start":{"line":12,"column":17},"end":{"line":14,"column":9}},"locations":[{"start":{"line":12,"column":17},"end":{"line":14,"column":9}}]},"8":{"type":"branch","line":13,"loc":{"start":{"line":13,"column":42},"end":{"line":13,"column":56}},"locations":[{"start":{"line":13,"column":42},"end":{"line":13,"column":56}}]}},"b":{"0":[7],"1":[2],"2":[5],"3":[1],"4":[4],"5":[1],"6":[3],"7":[8],"8":[4]},"fnMap":{"0":{"name":"fizzbuzz","decl":{"start":{"line":3,"column":24},"end":{"line":17,"column":2}},"loc":{"start":{"line":3,"column":24},"end":{"line":17,"column":2}},"line":3}},"f":{"0":7}}
}
